<?xml version="1.0" encoding="UTF-8"?>
<testsuite xmlns:xsi="http://www.w3.org/2001/XMLSchema-instance" xsi:noNamespaceSchemaLocation="https://maven.apache.org/surefire/maven-surefire-plugin/xsd/surefire-test-report-3.0.xsd" version="3.0" name="TestSuite" time="0.72" tests="0" errors="0" skipped="0" failures="0">
  <properties>
    <property name="http.proxyHost" value="127.0.0.1"/>
    <property name="java.specification.version" value="17"/>
    <property name="sun.jnu.encoding" value="UTF-8"/>
    <property name="java.class.path" value="/Users/fkamya208@cable.comcast.com/Documents/PersonalDocuments/CucumberAssignment/target/test-classes:/Users/fkamya208@cable.comcast.com/Documents/PersonalDocuments/CucumberAssignment/target/classes:/Users/fkamya208@cable.comcast.com/.m2/repository/io/rest-assured/rest-assured/4.4.0/rest-assured-4.4.0.jar:/Users/fkamya208@cable.comcast.com/.m2/repository/org/codehaus/groovy/groovy/3.0.8/groovy-3.0.8.jar:/Users/fkamya208@cable.comcast.com/.m2/repository/org/codehaus/groovy/groovy-xml/3.0.8/groovy-xml-3.0.8.jar:/Users/fkamya208@cable.comcast.com/.m2/repository/org/apache/httpcomponents/httpclient/4.5.13/httpclient-4.5.13.jar:/Users/fkamya208@cable.comcast.com/.m2/repository/org/apache/httpcomponents/httpcore/4.4.13/httpcore-4.4.13.jar:/Users/fkamya208@cable.comcast.com/.m2/repository/commons-logging/commons-logging/1.2/commons-logging-1.2.jar:/Users/fkamya208@cable.comcast.com/.m2/repository/commons-codec/commons-codec/1.11/commons-codec-1.11.jar:/Users/fkamya208@cable.comcast.com/.m2/repository/org/apache/httpcomponents/httpmime/4.5.13/httpmime-4.5.13.jar:/Users/fkamya208@cable.comcast.com/.m2/repository/org/ccil/cowan/tagsoup/tagsoup/1.2.1/tagsoup-1.2.1.jar:/Users/fkamya208@cable.comcast.com/.m2/repository/io/rest-assured/json-path/4.4.0/json-path-4.4.0.jar:/Users/fkamya208@cable.comcast.com/.m2/repository/org/codehaus/groovy/groovy-json/3.0.8/groovy-json-3.0.8.jar:/Users/fkamya208@cable.comcast.com/.m2/repository/io/rest-assured/rest-assured-common/4.4.0/rest-assured-common-4.4.0.jar:/Users/fkamya208@cable.comcast.com/.m2/repository/io/rest-assured/xml-path/4.4.0/xml-path-4.4.0.jar:/Users/fkamya208@cable.comcast.com/.m2/repository/org/apache/commons/commons-lang3/3.11/commons-lang3-3.11.jar:/Users/fkamya208@cable.comcast.com/.m2/repository/jakarta/xml/bind/jakarta.xml.bind-api/2.3.3/jakarta.xml.bind-api-2.3.3.jar:/Users/fkamya208@cable.comcast.com/.m2/repository/jakarta/activation/jakarta.activation-api/1.2.2/jakarta.activation-api-1.2.2.jar:/Users/fkamya208@cable.comcast.com/.m2/repository/com/sun/xml/bind/jaxb-impl/2.3.3/jaxb-impl-2.3.3.jar:/Users/fkamya208@cable.comcast.com/.m2/repository/org/testng/testng/7.5/testng-7.5.jar:/Users/fkamya208@cable.comcast.com/.m2/repository/com/google/code/findbugs/jsr305/3.0.1/jsr305-3.0.1.jar:/Users/fkamya208@cable.comcast.com/.m2/repository/org/slf4j/slf4j-api/1.7.32/slf4j-api-1.7.32.jar:/Users/fkamya208@cable.comcast.com/.m2/repository/com/beust/jcommander/1.78/jcommander-1.78.jar:/Users/fkamya208@cable.comcast.com/.m2/repository/org/webjars/jquery/3.5.1/jquery-3.5.1.jar:/Users/fkamya208@cable.comcast.com/.m2/repository/org/hamcrest/hamcrest/2.2/hamcrest-2.2.jar:/Users/fkamya208@cable.comcast.com/.m2/repository/io/cucumber/cucumber-java/7.20.1/cucumber-java-7.20.1.jar:/Users/fkamya208@cable.comcast.com/.m2/repository/io/cucumber/cucumber-core/7.20.1/cucumber-core-7.20.1.jar:/Users/fkamya208@cable.comcast.com/.m2/repository/io/cucumber/cucumber-gherkin/7.20.1/cucumber-gherkin-7.20.1.jar:/Users/fkamya208@cable.comcast.com/.m2/repository/io/cucumber/cucumber-gherkin-messages/7.20.1/cucumber-gherkin-messages-7.20.1.jar:/Users/fkamya208@cable.comcast.com/.m2/repository/io/cucumber/gherkin/28.0.0/gherkin-28.0.0.jar:/Users/fkamya208@cable.comcast.com/.m2/repository/io/cucumber/messages/24.1.0/messages-24.1.0.jar:/Users/fkamya208@cable.comcast.com/.m2/repository/io/cucumber/testng-xml-formatter/0.2.0/testng-xml-formatter-0.2.0.jar:/Users/fkamya208@cable.comcast.com/.m2/repository/io/cucumber/query/12.2.0/query-12.2.0.jar:/Users/fkamya208@cable.comcast.com/.m2/repository/io/cucumber/tag-expressions/6.1.0/tag-expressions-6.1.0.jar:/Users/fkamya208@cable.comcast.com/.m2/repository/io/cucumber/cucumber-expressions/17.1.0/cucumber-expressions-17.1.0.jar:/Users/fkamya208@cable.comcast.com/.m2/repository/io/cucumber/datatable/7.20.1/datatable-7.20.1.jar:/Users/fkamya208@cable.comcast.com/.m2/repository/io/cucumber/cucumber-plugin/7.20.1/cucumber-plugin-7.20.1.jar:/Users/fkamya208@cable.comcast.com/.m2/repository/io/cucumber/docstring/7.20.1/docstring-7.20.1.jar:/Users/fkamya208@cable.comcast.com/.m2/repository/io/cucumber/html-formatter/21.7.0/html-formatter-21.7.0.jar:/Users/fkamya208@cable.comcast.com/.m2/repository/io/cucumber/junit-xml-formatter/0.5.0/junit-xml-formatter-0.5.0.jar:/Users/fkamya208@cable.comcast.com/.m2/repository/io/cucumber/ci-environment/10.0.1/ci-environment-10.0.1.jar:/Users/fkamya208@cable.comcast.com/.m2/repository/org/apiguardian/apiguardian-api/1.1.2/apiguardian-api-1.1.2.jar:/Users/fkamya208@cable.comcast.com/.m2/repository/junit/junit/4.13.2/junit-4.13.2.jar:/Users/fkamya208@cable.comcast.com/.m2/repository/org/hamcrest/hamcrest-core/1.3/hamcrest-core-1.3.jar:/Users/fkamya208@cable.comcast.com/.m2/repository/io/cucumber/cucumber-junit/7.0.0/cucumber-junit-7.0.0.jar:"/>
    <property name="https.proxyPort" value="8888"/>
    <property name="java.vm.vendor" value="Oracle Corporation"/>
    <property name="sun.arch.data.model" value="64"/>
    <property name="java.vendor.url" value="https://java.oracle.com/"/>
    <property name="user.timezone" value="America/Chicago"/>
    <property name="os.name" value="Mac OS X"/>
    <property name="java.vm.specification.version" value="17"/>
    <property name="sun.java.launcher" value="SUN_STANDARD"/>
    <property name="user.country" value="US"/>
    <property name="sun.boot.library.path" value="/Library/Java/JavaVirtualMachines/jdk-17.jdk/Contents/Home/lib"/>
    <property name="sun.java.command" value="/Users/fkamya208@cable.comcast.com/Documents/PersonalDocuments/CucumberAssignment/target/surefire/surefirebooter-20250204084758935_3.jar /Users/fkamya208@cable.comcast.com/Documents/PersonalDocuments/CucumberAssignment/target/surefire 2025-02-04T08-47-57_392-jvmRun1 surefire-20250204084758935_1tmp surefire_0-20250204084758935_2tmp"/>
    <property name="http.nonProxyHosts" value="local|*.local|localhost|*.localhost|127.0.0.1|ibosscloud.com|*.ibosscloud.com|138.43.111.49|138.43.111.96|138.43.105.79"/>
    <property name="jdk.debug" value="release"/>
    <property name="surefire.test.class.path" value="/Users/fkamya208@cable.comcast.com/Documents/PersonalDocuments/CucumberAssignment/target/test-classes:/Users/fkamya208@cable.comcast.com/Documents/PersonalDocuments/CucumberAssignment/target/classes:/Users/fkamya208@cable.comcast.com/.m2/repository/io/rest-assured/rest-assured/4.4.0/rest-assured-4.4.0.jar:/Users/fkamya208@cable.comcast.com/.m2/repository/org/codehaus/groovy/groovy/3.0.8/groovy-3.0.8.jar:/Users/fkamya208@cable.comcast.com/.m2/repository/org/codehaus/groovy/groovy-xml/3.0.8/groovy-xml-3.0.8.jar:/Users/fkamya208@cable.comcast.com/.m2/repository/org/apache/httpcomponents/httpclient/4.5.13/httpclient-4.5.13.jar:/Users/fkamya208@cable.comcast.com/.m2/repository/org/apache/httpcomponents/httpcore/4.4.13/httpcore-4.4.13.jar:/Users/fkamya208@cable.comcast.com/.m2/repository/commons-logging/commons-logging/1.2/commons-logging-1.2.jar:/Users/fkamya208@cable.comcast.com/.m2/repository/commons-codec/commons-codec/1.11/commons-codec-1.11.jar:/Users/fkamya208@cable.comcast.com/.m2/repository/org/apache/httpcomponents/httpmime/4.5.13/httpmime-4.5.13.jar:/Users/fkamya208@cable.comcast.com/.m2/repository/org/ccil/cowan/tagsoup/tagsoup/1.2.1/tagsoup-1.2.1.jar:/Users/fkamya208@cable.comcast.com/.m2/repository/io/rest-assured/json-path/4.4.0/json-path-4.4.0.jar:/Users/fkamya208@cable.comcast.com/.m2/repository/org/codehaus/groovy/groovy-json/3.0.8/groovy-json-3.0.8.jar:/Users/fkamya208@cable.comcast.com/.m2/repository/io/rest-assured/rest-assured-common/4.4.0/rest-assured-common-4.4.0.jar:/Users/fkamya208@cable.comcast.com/.m2/repository/io/rest-assured/xml-path/4.4.0/xml-path-4.4.0.jar:/Users/fkamya208@cable.comcast.com/.m2/repository/org/apache/commons/commons-lang3/3.11/commons-lang3-3.11.jar:/Users/fkamya208@cable.comcast.com/.m2/repository/jakarta/xml/bind/jakarta.xml.bind-api/2.3.3/jakarta.xml.bind-api-2.3.3.jar:/Users/fkamya208@cable.comcast.com/.m2/repository/jakarta/activation/jakarta.activation-api/1.2.2/jakarta.activation-api-1.2.2.jar:/Users/fkamya208@cable.comcast.com/.m2/repository/com/sun/xml/bind/jaxb-impl/2.3.3/jaxb-impl-2.3.3.jar:/Users/fkamya208@cable.comcast.com/.m2/repository/org/testng/testng/7.5/testng-7.5.jar:/Users/fkamya208@cable.comcast.com/.m2/repository/com/google/code/findbugs/jsr305/3.0.1/jsr305-3.0.1.jar:/Users/fkamya208@cable.comcast.com/.m2/repository/org/slf4j/slf4j-api/1.7.32/slf4j-api-1.7.32.jar:/Users/fkamya208@cable.comcast.com/.m2/repository/com/beust/jcommander/1.78/jcommander-1.78.jar:/Users/fkamya208@cable.comcast.com/.m2/repository/org/webjars/jquery/3.5.1/jquery-3.5.1.jar:/Users/fkamya208@cable.comcast.com/.m2/repository/org/hamcrest/hamcrest/2.2/hamcrest-2.2.jar:/Users/fkamya208@cable.comcast.com/.m2/repository/io/cucumber/cucumber-java/7.20.1/cucumber-java-7.20.1.jar:/Users/fkamya208@cable.comcast.com/.m2/repository/io/cucumber/cucumber-core/7.20.1/cucumber-core-7.20.1.jar:/Users/fkamya208@cable.comcast.com/.m2/repository/io/cucumber/cucumber-gherkin/7.20.1/cucumber-gherkin-7.20.1.jar:/Users/fkamya208@cable.comcast.com/.m2/repository/io/cucumber/cucumber-gherkin-messages/7.20.1/cucumber-gherkin-messages-7.20.1.jar:/Users/fkamya208@cable.comcast.com/.m2/repository/io/cucumber/gherkin/28.0.0/gherkin-28.0.0.jar:/Users/fkamya208@cable.comcast.com/.m2/repository/io/cucumber/messages/24.1.0/messages-24.1.0.jar:/Users/fkamya208@cable.comcast.com/.m2/repository/io/cucumber/testng-xml-formatter/0.2.0/testng-xml-formatter-0.2.0.jar:/Users/fkamya208@cable.comcast.com/.m2/repository/io/cucumber/query/12.2.0/query-12.2.0.jar:/Users/fkamya208@cable.comcast.com/.m2/repository/io/cucumber/tag-expressions/6.1.0/tag-expressions-6.1.0.jar:/Users/fkamya208@cable.comcast.com/.m2/repository/io/cucumber/cucumber-expressions/17.1.0/cucumber-expressions-17.1.0.jar:/Users/fkamya208@cable.comcast.com/.m2/repository/io/cucumber/datatable/7.20.1/datatable-7.20.1.jar:/Users/fkamya208@cable.comcast.com/.m2/repository/io/cucumber/cucumber-plugin/7.20.1/cucumber-plugin-7.20.1.jar:/Users/fkamya208@cable.comcast.com/.m2/repository/io/cucumber/docstring/7.20.1/docstring-7.20.1.jar:/Users/fkamya208@cable.comcast.com/.m2/repository/io/cucumber/html-formatter/21.7.0/html-formatter-21.7.0.jar:/Users/fkamya208@cable.comcast.com/.m2/repository/io/cucumber/junit-xml-formatter/0.5.0/junit-xml-formatter-0.5.0.jar:/Users/fkamya208@cable.comcast.com/.m2/repository/io/cucumber/ci-environment/10.0.1/ci-environment-10.0.1.jar:/Users/fkamya208@cable.comcast.com/.m2/repository/org/apiguardian/apiguardian-api/1.1.2/apiguardian-api-1.1.2.jar:/Users/fkamya208@cable.comcast.com/.m2/repository/junit/junit/4.13.2/junit-4.13.2.jar:/Users/fkamya208@cable.comcast.com/.m2/repository/org/hamcrest/hamcrest-core/1.3/hamcrest-core-1.3.jar:/Users/fkamya208@cable.comcast.com/.m2/repository/io/cucumber/cucumber-junit/7.0.0/cucumber-junit-7.0.0.jar:"/>
    <property name="sun.cpu.endian" value="little"/>
    <property name="user.home" value="/Users/fkamya208@cable.comcast.com"/>
    <property name="user.language" value="en"/>
    <property name="java.specification.vendor" value="Oracle Corporation"/>
    <property name="java.version.date" value="2024-07-16"/>
    <property name="java.home" value="/Library/Java/JavaVirtualMachines/jdk-17.jdk/Contents/Home"/>
    <property name="file.separator" value="/"/>
    <property name="https.proxyHost" value="127.0.0.1"/>
    <property name="basedir" value="/Users/fkamya208@cable.comcast.com/Documents/PersonalDocuments/CucumberAssignment"/>
    <property name="java.vm.compressedOopsMode" value="Zero based"/>
    <property name="line.separator" value="&#10;"/>
    <property name="java.vm.specification.vendor" value="Oracle Corporation"/>
    <property name="java.specification.name" value="Java Platform API Specification"/>
    <property name="surefire.real.class.path" value="/Users/fkamya208@cable.comcast.com/Documents/PersonalDocuments/CucumberAssignment/target/surefire/surefirebooter-20250204084758935_3.jar"/>
    <property name="sun.management.compiler" value="HotSpot 64-Bit Tiered Compilers"/>
    <property name="ftp.nonProxyHosts" value="local|*.local|localhost|*.localhost|127.0.0.1|ibosscloud.com|*.ibosscloud.com|138.43.111.49|138.43.111.96|138.43.105.79"/>
    <property name="java.runtime.version" value="17.0.12+8-LTS-286"/>
    <property name="user.name" value="fkamya208@cable.comcast.com"/>
    <property name="path.separator" value=":"/>
    <property name="os.version" value="15.2"/>
    <property name="java.runtime.name" value="Java(TM) SE Runtime Environment"/>
    <property name="file.encoding" value="UTF-8"/>
    <property name="java.vm.name" value="Java HotSpot(TM) 64-Bit Server VM"/>
    <property name="localRepository" value="/Users/fkamya208@cable.comcast.com/.m2/repository"/>
    <property name="java.vendor.url.bug" value="https://bugreport.java.com/bugreport/"/>
    <property name="java.io.tmpdir" value="/var/folders/nf/17zn18n97ylgs6j8hm0dqckh0000gp/T/"/>
    <property name="idea.version" value="2024.3.2.2"/>
    <property name="java.version" value="17.0.12"/>
    <property name="user.dir" value="/Users/fkamya208@cable.comcast.com/Documents/PersonalDocuments/CucumberAssignment"/>
    <property name="os.arch" value="aarch64"/>
    <property name="java.vm.specification.name" value="Java Virtual Machine Specification"/>
    <property name="native.encoding" value="UTF-8"/>
    <property name="java.library.path" value="/Users/fkamya208@cable.comcast.com/Library/Java/Extensions:/Library/Java/Extensions:/Network/Library/Java/Extensions:/System/Library/Java/Extensions:/usr/lib/java:."/>
    <property name="java.vm.info" value="mixed mode, sharing"/>
    <property name="java.vendor" value="Oracle Corporation"/>
    <property name="java.vm.version" value="17.0.12+8-LTS-286"/>
    <property name="sun.io.unicode.encoding" value="UnicodeBig"/>
    <property name="socksNonProxyHosts" value="local|*.local|localhost|*.localhost|127.0.0.1|ibosscloud.com|*.ibosscloud.com|138.43.111.49|138.43.111.96|138.43.105.79"/>
    <property name="java.class.version" value="61.0"/>
    <property name="http.proxyPort" value="8888"/>
  </properties>
</testsuite>